subo/build/outputs/logs/manifest-merger-debug-report.txt
-- Merging decision tree log ---
manifest
ADDED from src\main\AndroidManifest.xml:2:1-109:12
	package
		ADDED from src\main\AndroidManifest.xml:3:5-30
		INJECTED from src\main\AndroidManifest.xml
		INJECTED from src\main\AndroidManifest.xml
	android:versionName
		ADDED from src\main\AndroidManifest.xml:5:5-30
		INJECTED from src\main\AndroidManifest.xml
		INJECTED from src\main\AndroidManifest.xml
	android:versionCode
		ADDED from src\main\AndroidManifest.xml:4:5-28
		INJECTED from src\main\AndroidManifest.xml
		INJECTED from src\main\AndroidManifest.xml
	xmlns:android
		ADDED from src\main\AndroidManifest.xml:2:11-69
uses-sdk
ADDED from src\main\AndroidManifest.xml:7:5-9:41
MERGED from [com.antfortune.freeline:runtime:0.8.7] AndroidManifest.xml:7:5-9:41
	android:targetSdkVersion
		ADDED from src\main\AndroidManifest.xml:9:9-38
		INJECTED from src\main\AndroidManifest.xml
		INJECTED from src\main\AndroidManifest.xml
	android:minSdkVersion
		ADDED from src\main\AndroidManifest.xml:8:9-35
		INJECTED from src\main\AndroidManifest.xml
		INJECTED from src\main\AndroidManifest.xml
meta-data#BDAPPID
ADDED from src\main\AndroidManifest.xml:11:5-13:35
	android:value
		ADDED from src\main\AndroidManifest.xml:13:9-32
	android:name
		ADDED from src\main\AndroidManifest.xml:12:9-31
meta-data#BDAPPKEY
ADDED from src\main\AndroidManifest.xml:14:5-16:60
	android:value
		ADDED from src\main\AndroidManifest.xml:16:9-57
	android:name
		ADDED from src\main\AndroidManifest.xml:15:9-32
uses-permission#android.permission.INTERNET
ADDED from src\main\AndroidManifest.xml:18:5-67
MERGED from [com.antfortune.freeline:runtime:0.8.7] AndroidManifest.xml:11:5-67
	android:name
		ADDED from src\main\AndroidManifest.xml:18:22-64
uses-permission#android.permission.WRITE_EXTERNAL_STORAGE
ADDED from src\main\AndroidManifest.xml:19:5-81
	android:name
		ADDED from src\main\AndroidManifest.xml:19:22-78
uses-permission#android.permission.MOUNT_UNMOUNT_FILESYSTEMS
ADDED from src\main\AndroidManifest.xml:20:5-84
	android:name
		ADDED from src\main\AndroidManifest.xml:20:22-81
uses-permission#android.permission.ACCESS_NETWORK_STATE
ADDED from src\main\AndroidManifest.xml:21:5-79
	android:name
		ADDED from src\main\AndroidManifest.xml:21:22-76
uses-permission#android.permission.READ_PHONE_STATE
ADDED from src\main\AndroidManifest.xml:22:5-75
	android:name
		ADDED from src\main\AndroidManifest.xml:22:22-72
uses-permission#android.permission.ACCESS_WIFI_STATE
ADDED from src\main\AndroidManifest.xml:23:5-76
	android:name
		ADDED from src\main\AndroidManifest.xml:23:22-73
uses-permission#android.permission.ACCESS_COARSE_LOCATION
ADDED from src\main\AndroidManifest.xml:24:5-81
	android:name
		ADDED from src\main\AndroidManifest.xml:24:22-78
uses-permission#android.permission.WRITE_SETTINGS
ADDED from src\main\AndroidManifest.xml:25:5-73
	android:name
		ADDED from src\main\AndroidManifest.xml:25:22-70
application
ADDED from src\main\AndroidManifest.xml:27:5-107:19
MERGED from [com.antfortune.freeline:runtime:0.8.7] AndroidManifest.xml:13:5-33:19
	android:label
		ADDED from src\main\AndroidManifest.xml:29:9-41
	android:vmSafeMode
		ADDED from [com.antfortune.freeline:runtime:0.8.7] AndroidManifest.xml:13:18-43
	android:icon
		ADDED from src\main\AndroidManifest.xml:28:9-45
	android:theme
		ADDED from src\main\AndroidManifest.xml:30:9-40
receiver#com.baidu.appx.app_download.CompleteReceiver
ADDED from src\main\AndroidManifest.xml:31:9-41:20
	android:name
		ADDED from src\main\AndroidManifest.xml:31:19-78
intent-filter#android.intent.action.DOWNLOAD_COMPLETE+android.intent.action.DOWNLOAD_NOTIFICATION_CLICKED
ADDED from src\main\AndroidManifest.xml:32:13-35:29
action#android.intent.action.DOWNLOAD_COMPLETE
ADDED from src\main\AndroidManifest.xml:33:17-82
	android:name
		ADDED from src\main\AndroidManifest.xml:33:25-79
action#android.intent.action.DOWNLOAD_NOTIFICATION_CLICKED
ADDED from src\main\AndroidManifest.xml:34:17-94
	android:name
		ADDED from src\main\AndroidManifest.xml:34:25-91
intent-filter#android.intent.action.PACKAGE_ADDED
ADDED from src\main\AndroidManifest.xml:36:13-40:29
action#android.intent.action.PACKAGE_ADDED
ADDED from src\main\AndroidManifest.xml:37:17-78
	android:name
		ADDED from src\main\AndroidManifest.xml:37:25-75
data
ADDED from src\main\AndroidManifest.xml:39:17-50
	android:scheme
		ADDED from src\main\AndroidManifest.xml:39:23-47
activity#com.baidu.appx.uikit.BDActivity
ADDED from src\main\AndroidManifest.xml:43:9-46:20
	android:configChanges
		ADDED from src\main\AndroidManifest.xml:45:13-59
	android:name
		ADDED from src\main\AndroidManifest.xml:44:13-59
activity#com.mingli.toms.Titlectivity
ADDED from src\main\AndroidManifest.xml:47:9-69:20
	android:screenOrientation
		ADDED from src\main\AndroidManifest.xml:51:13-50
	android:label
		ADDED from src\main\AndroidManifest.xml:49:13-45
	android:multiprocess
		ADDED from src\main\AndroidManifest.xml:50:13-41
	android:name
		ADDED from src\main\AndroidManifest.xml:48:13-41
intent-filter#android.intent.action.MAIN+android.intent.category.LAUNCHER
ADDED from src\main\AndroidManifest.xml:52:13-56:29
action#android.intent.action.MAIN
ADDED from src\main\AndroidManifest.xml:53:17-69
	android:name
		ADDED from src\main\AndroidManifest.xml:53:25-66
category#android.intent.category.LAUNCHER
ADDED from src\main\AndroidManifest.xml:55:17-77
	android:name
		ADDED from src\main\AndroidManifest.xml:55:27-74
activity#com.mingli.toms.MenuActivity
ADDED from src\main\AndroidManifest.xml:70:9-75:20
	android:screenOrientation
		ADDED from src\main\AndroidManifest.xml:72:13-50
	android:name
		ADDED from src\main\AndroidManifest.xml:71:13-41
activity#com.mingli.toms.Stagechoosser
ADDED from src\main\AndroidManifest.xml:89:9-92:20
	android:label
		ADDED from src\main\AndroidManifest.xml:91:13-65
	android:name
		ADDED from src\main\AndroidManifest.xml:90:13-42
activity#fileRW.FileActivity
ADDED from src\main\AndroidManifest.xml:93:9-97:20
	android:screenOrientation
		ADDED from src\main\AndroidManifest.xml:96:13-50
	android:icon
		ADDED from src\main\AndroidManifest.xml:95:13-42
	android:name
		ADDED from src\main\AndroidManifest.xml:94:13-47
activity#onlineStageActivity.OnlineFileActivity
ADDED from src\main\AndroidManifest.xml:98:9-102:20
	android:screenOrientation
		ADDED from src\main\AndroidManifest.xml:101:13-50
	android:label
		ADDED from src\main\AndroidManifest.xml:100:13-56
	android:name
		ADDED from src\main\AndroidManifest.xml:99:13-66
activity#com.mingli.toms.BattleActivity
ADDED from src\main\AndroidManifest.xml:103:9-106:20
	android:screenOrientation
		ADDED from src\main\AndroidManifest.xml:105:59-96
	android:label
		ADDED from src\main\AndroidManifest.xml:105:13-58
	android:name
		ADDED from src\main\AndroidManifest.xml:104:13-43
activity#com.antfortune.freeline.MiddlewareActivity
ADDED from [com.antfortune.freeline:runtime:0.8.7] AndroidManifest.xml:14:9-16:52
	android:screenOrientation
		ADDED from [com.antfortune.freeline:runtime:0.8.7] AndroidManifest.xml:16:13-49
	android:name
		ADDED from [com.antfortune.freeline:runtime:0.8.7] AndroidManifest.xml:15:13-70
service#com.antfortune.freeline.FreelineService
ADDED from [com.antfortune.freeline:runtime:0.8.7] AndroidManifest.xml:18:9-21:43
	android:process
		ADDED from [com.antfortune.freeline:runtime:0.8.7] AndroidManifest.xml:21:13-40
	android:exported
		ADDED from [com.antfortune.freeline:runtime:0.8.7] AndroidManifest.xml:20:13-36
	android:name
		ADDED from [com.antfortune.freeline:runtime:0.8.7] AndroidManifest.xml:19:13-67
service#com.antfortune.freeline.FreelineService$InnerService
ADDED from [com.antfortune.freeline:runtime:0.8.7] AndroidManifest.xml:22:9-24:43
	android:process
		ADDED from [com.antfortune.freeline:runtime:0.8.7] AndroidManifest.xml:24:13-40
	android:name
		ADDED from [com.antfortune.freeline:runtime:0.8.7] AndroidManifest.xml:23:13-80
receiver#com.antfortune.freeline.FreelineReceiver
ADDED from [com.antfortune.freeline:runtime:0.8.7] AndroidManifest.xml:26:9-32:20
	android:name
		ADDED from [com.antfortune.freeline:runtime:0.8.7] AndroidManifest.xml:26:19-74
intent-filter#android.intent.action.FreelineReceiver+android.intent.category.DEFAULT
ADDED from [com.antfortune.freeline:runtime:0.8.7] AndroidManifest.xml:27:13-31:29
action#android.intent.action.FreelineReceiver
ADDED from [com.antfortune.freeline:runtime:0.8.7] AndroidManifest.xml:28:17-81
	android:name
		ADDED from [com.antfortune.freeline:runtime:0.8.7] AndroidManifest.xml:28:25-78
category#android.intent.category.DEFAULT
ADDED from [com.antfortune.freeline:runtime:0.8.7] AndroidManifest.xml:30:17-76
	android:name
		ADDED from [com.antfortune.freeline:runtime:0.8.7] AndroidManifest.xml:30:27-73